# JRE version: Java(TM) SE Runtime Environment (17.0.10+11) (build 17.0.10+11-LTS-240)
# Java VM: Java HotSpot(TM) 64-Bit Server VM (17.0.10+11-LTS-240, mixed mode, sharing, tiered, compressed oops, compressed class ptrs, g1 gc, windows-amd64)
GC Precious Log:
 CPUs: 4 total, 4 available
 Memory: 3975M
 Large Page Support: Disabled
 NUMA Support: Disabled
 Compressed Oops: Enabled (32-bit)
 Heap Region Size: 1M
 Heap Min Capacity: 256M
 Heap Initial Capacity: 256M
 Heap Max Capacity: 512M
 Pre-touch: Disabled
 Parallel Workers: 4
 Concurrent Workers: 1
 Concurrent Refinement Workers: 4
 Periodic GC: Disabled
Heap:
 garbage-first heap   total 262144K, used 33590K [0x00000000e0000000, 0x0000000100000000)
  region size 1024K, 25 young (25600K), 12 survivors (12288K)
 Metaspace       used 23375K, committed 23744K, reserved 278528K
  class space    used 3441K, committed 3584K, reserved 212992K
GC Heap History (8 events):
Event: 0.788 GC heap before
{Heap before GC invocations=0 (full 0):
 garbage-first heap   total 262144K, used 15360K [0x00000000e0000000, 0x0000000100000000)
  region size 1024K, 13 young (13312K), 0 survivors (0K)
 Metaspace       used 947K, committed 1088K, reserved 278528K
  class space    used 73K, committed 128K, reserved 212992K
}
Event: 0.793 GC heap after
{Heap after GC invocations=1 (full 0):
 garbage-first heap   total 262144K, used 4606K [0x00000000e0000000, 0x0000000100000000)
  region size 1024K, 2 young (2048K), 2 survivors (2048K)
 Metaspace       used 947K, committed 1088K, reserved 278528K
  class space    used 73K, committed 128K, reserved 212992K
}
Event: 1.946 GC heap before
{Heap before GC invocations=1 (full 0):
 garbage-first heap   total 262144K, used 20990K [0x00000000e0000000, 0x0000000100000000)
  region size 1024K, 16 young (16384K), 2 survivors (2048K)
 Metaspace       used 3765K, committed 3968K, reserved 278528K
  class space    used 472K, committed 576K, reserved 212992K
}
Event: 1.952 GC heap after
{Heap after GC invocations=2 (full 0):
 garbage-first heap   total 262144K, used 10040K [0x00000000e0000000, 0x0000000100000000)
  region size 1024K, 2 young (2048K), 2 survivors (2048K)
 Metaspace       used 3765K, committed 3968K, reserved 278528K
  class space    used 472K, committed 576K, reserved 212992K
}
Event: 2.860 GC heap before
{Heap before GC invocations=2 (full 0):
 garbage-first heap   total 262144K, used 30520K [0x00000000e0000000, 0x0000000100000000)
  region size 1024K, 22 young (22528K), 2 survivors (2048K)
 Metaspace       used 3882K, committed 4096K, reserved 278528K
  class space    used 473K, committed 576K, reserved 212992K
}
Event: 2.864 GC heap after
{Heap after GC invocations=3 (full 0):
 garbage-first heap   total 262144K, used 12283K [0x00000000e0000000, 0x0000000100000000)
  region size 1024K, 3 young (3072K), 3 survivors (3072K)
 Metaspace       used 3882K, committed 4096K, reserved 278528K
  class space    used 473K, committed 576K, reserved 212992K
}
Event: 8.262 GC heap before
{Heap before GC invocations=3 (full 0):
 garbage-first heap   total 262144K, used 114683K [0x00000000e0000000, 0x0000000100000000)
  region size 1024K, 104 young (106496K), 3 survivors (3072K)
 Metaspace       used 21261K, committed 21504K, reserved 278528K
  class space    used 3121K, committed 3264K, reserved 212992K
}
Event: 8.281 GC heap after
{Heap after GC invocations=4 (full 0):
 garbage-first heap   total 262144K, used 21302K [0x00000000e0000000, 0x0000000100000000)
  region size 1024K, 12 young (12288K), 12 survivors (12288K)
 Metaspace       used 21261K, committed 21504K, reserved 278528K
  class space    used 3121K, committed 3264K, reserved 212992K
}

